info it worked if it ends with ok
verbose cli [ 'node',
verbose cli   '/usr/local/bin/npm',
verbose cli   'install',
verbose cli   'node-oauth' ]
info using npm@1.0.15
info using node@v0.4.7
verbose config file /Users/Hursh/.npmrc
verbose config file /usr/local/etc/npmrc
silly testEngine { name: 'Optimize',
silly testEngine   version: '0.0.1',
silly testEngine   private: true,
silly testEngine   dependencies: 
silly testEngine    { express: '2.4.0',
silly testEngine      ejs: '>= 0.0.1',
silly testEngine      redis: '>=0.6.6',
silly testEngine      'connect-redis': '>=1.0.6',
silly testEngine      jade: '>= 0.12.4' },
silly testEngine   _npmJsonOpts: 
silly testEngine    { file: '/Users/Hursh/node_projects/optimize/package.json',
silly testEngine      wscript: false,
silly testEngine      contributors: false,
silly testEngine      serverjs: false },
silly testEngine   _id: 'Optimize@0.0.1',
silly testEngine   devDependencies: {},
silly testEngine   engines: { node: '*' },
silly testEngine   _engineSupported: true,
silly testEngine   _npmVersion: '1.0.15',
silly testEngine   _nodeVersion: 'v0.4.7',
silly testEngine   _defaultsLoaded: true }
verbose caching /Users/Hursh/node_projects/optimize/package.json
verbose loadDefaults Optimize@0.0.1
silly testEngine { name: 'connect-redis',
silly testEngine   description: 'Redis session store for Connect',
silly testEngine   version: '1.0.6',
silly testEngine   author: 
silly testEngine    { name: 'TJ Holowaychuk',
silly testEngine      email: 'tj@vision-media.ca' },
silly testEngine   main: './index.js',
silly testEngine   dependencies: { redis: '>= 0.0.1' },
silly testEngine   devDependencies: { connect: '1.4.x' },
silly testEngine   engines: { node: '>= 0.1.98' },
silly testEngine   _npmJsonOpts: 
silly testEngine    { file: '/Users/Hursh/node_projects/optimize/node_modules/connect-redis/package.json',
silly testEngine      wscript: false,
silly testEngine      contributors: false,
silly testEngine      serverjs: false },
silly testEngine   _id: 'connect-redis@1.0.6',
silly testEngine   _engineSupported: true,
silly testEngine   _npmVersion: '1.0.15',
silly testEngine   _nodeVersion: 'v0.4.7',
silly testEngine   _defaultsLoaded: true }
verbose caching /Users/Hursh/node_projects/optimize/node_modules/connect-redis/package.json
verbose loadDefaults connect-redis@1.0.6
silly testEngine { name: 'ejs',
silly testEngine   description: 'Embedded JavaScript templates',
silly testEngine   version: '0.4.3',
silly testEngine   author: 
silly testEngine    { name: 'TJ Holowaychuk',
silly testEngine      email: 'tj@vision-media.ca' },
silly testEngine   keywords: [ 'template', 'engine', 'ejs' ],
silly testEngine   main: './lib/ejs.js',
silly testEngine   _npmJsonOpts: 
silly testEngine    { file: '/Users/Hursh/node_projects/optimize/node_modules/ejs/package.json',
silly testEngine      wscript: false,
silly testEngine      contributors: false,
silly testEngine      serverjs: false },
silly testEngine   _id: 'ejs@0.4.3',
silly testEngine   dependencies: {},
silly testEngine   devDependencies: {},
silly testEngine   engines: { node: '*' },
silly testEngine   _engineSupported: true,
silly testEngine   _npmVersion: '1.0.15',
silly testEngine   _nodeVersion: 'v0.4.7',
silly testEngine   _defaultsLoaded: true }
verbose caching /Users/Hursh/node_projects/optimize/node_modules/ejs/package.json
verbose loadDefaults ejs@0.4.3
silly testEngine { name: 'express',
silly testEngine   description: 'Sinatra inspired web development framework',
silly testEngine   version: '2.4.0',
silly testEngine   author: 
silly testEngine    { name: 'TJ Holowaychuk',
silly testEngine      email: 'tj@vision-media.ca' },
silly testEngine   contributors: 
silly testEngine    [ { name: 'TJ Holowaychuk',
silly testEngine        email: 'tj@vision-media.ca' },
silly testEngine      { name: 'Aaron Heckmann',
silly testEngine        email: 'aaron.heckmann+github@gmail.com' },
silly testEngine      { name: 'Ciaran Jessup', email: 'ciaranj@gmail.com' },
silly testEngine      { name: 'Guillermo Rauch', email: 'rauchg@gmail.com' } ],
silly testEngine   dependencies: 
silly testEngine    { connect: '>= 1.5.1 < 2.0.0',
silly testEngine      mime: '>= 0.0.1',
silly testEngine      qs: '>= 0.0.6' },
silly testEngine   devDependencies: 
silly testEngine    { 'connect-form': '0.2.1',
silly testEngine      ejs: '0.4.2',
silly testEngine      expresso: '0.7.2',
silly testEngine      hamljs: '0.5.1',
silly testEngine      jade: '0.11.0',
silly testEngine      stylus: '0.13.0',
silly testEngine      should: '0.2.1',
silly testEngine      'express-messages': '0.0.2',
silly testEngine      'node-markdown': '>= 0.0.1',
silly testEngine      'connect-redis': '>= 0.0.1' },
silly testEngine   keywords: [ 'framework', 'sinatra', 'web', 'rest', 'restful' ],
silly testEngine   repository: 
silly testEngine    { type: 'git',
silly testEngine      url: 'git://github.com/visionmedia/express.git' },
silly testEngine   main: 'index',
silly testEngine   bin: { express: './bin/express' },
silly testEngine   scripts: { test: 'make test', prepublish: 'npm prune' },
silly testEngine   engines: { node: '>= 0.4.1 < 0.5.0' },
silly testEngine   _npmJsonOpts: 
silly testEngine    { file: '/Users/Hursh/node_projects/optimize/node_modules/express/package.json',
silly testEngine      wscript: false,
silly testEngine      contributors: false,
silly testEngine      serverjs: false },
silly testEngine   _id: 'express@2.4.0',
silly testEngine   _engineSupported: true,
silly testEngine   _npmVersion: '1.0.15',
silly testEngine   _nodeVersion: 'v0.4.7',
silly testEngine   _defaultsLoaded: true }
verbose caching /Users/Hursh/node_projects/optimize/node_modules/express/package.json
verbose loadDefaults express@2.4.0
silly testEngine { name: 'jade',
silly testEngine   description: 'Jade template engine',
silly testEngine   version: '0.12.4',
silly testEngine   author: 
silly testEngine    { name: 'TJ Holowaychuk',
silly testEngine      email: 'tj@vision-media.ca' },
silly testEngine   repository: 
silly testEngine    { type: 'git',
silly testEngine      url: 'git://github.com/visionmedia/jade.git' },
silly testEngine   main: './index.js',
silly testEngine   bin: { jade: './bin/jade' },
silly testEngine   devDependencies: 
silly testEngine    { expresso: '0.6.4',
silly testEngine      'coffee-script': '>= 0.0.1',
silly testEngine      sass: '>= 0.0.1',
silly testEngine      less: '>= 0.0.1',
silly testEngine      markdown: '>= 0.0.1',
silly testEngine      stylus: '>= 0.0.1' },
silly testEngine   scripts: { prepublish: 'npm prune' },
silly testEngine   engines: { node: '>= 0.1.98' },
silly testEngine   _npmJsonOpts: 
silly testEngine    { file: '/Users/Hursh/node_projects/optimize/node_modules/jade/package.json',
silly testEngine      wscript: false,
silly testEngine      contributors: false,
silly testEngine      serverjs: false },
silly testEngine   _id: 'jade@0.12.4',
silly testEngine   dependencies: {},
silly testEngine   _engineSupported: true,
silly testEngine   _npmVersion: '1.0.15',
silly testEngine   _nodeVersion: 'v0.4.7',
silly testEngine   _defaultsLoaded: true }
verbose caching /Users/Hursh/node_projects/optimize/node_modules/jade/package.json
verbose loadDefaults jade@0.12.4
silly testEngine { name: 'redis',
silly testEngine   version: '0.6.6',
silly testEngine   description: 'Redis client library',
silly testEngine   author: { name: 'Matt Ranney', email: 'mjr@ranney.com' },
silly testEngine   contributors: 
silly testEngine    [ { name: 'Rick Olson' },
silly testEngine      { name: 'Tim-Smart' },
silly testEngine      { name: 'TJ Holowaychuk' },
silly testEngine      { name: 'Orion Henry' },
silly testEngine      { name: 'Hank Sims' },
silly testEngine      { name: 'Aivo Paas' },
silly testEngine      { name: 'Paul Carey' },
silly testEngine      { name: 'Pieter Noordhuis' },
silly testEngine      { name: 'Andy Ray' },
silly testEngine      { name: 'Vladimir Dronnikov' },
silly testEngine      { name: 'Dave Hoover' } ],
silly testEngine   main: './index.js',
silly testEngine   scripts: { test: 'node ./test.js' },
silly testEngine   repository: 
silly testEngine    { type: 'git',
silly testEngine      url: 'git://github.com/mranney/node_redis.git' },
silly testEngine   _npmJsonOpts: 
silly testEngine    { file: '/Users/Hursh/node_projects/optimize/node_modules/redis/package.json',
silly testEngine      wscript: false,
silly testEngine      contributors: false,
silly testEngine      serverjs: false },
silly testEngine   _id: 'redis@0.6.6',
silly testEngine   dependencies: {},
silly testEngine   devDependencies: {},
silly testEngine   engines: { node: '*' },
silly testEngine   _engineSupported: true,
silly testEngine   _npmVersion: '1.0.15',
silly testEngine   _nodeVersion: 'v0.4.7',
silly testEngine   _defaultsLoaded: true }
verbose caching /Users/Hursh/node_projects/optimize/node_modules/redis/package.json
verbose loadDefaults redis@0.6.6
verbose from cache /Users/Hursh/node_projects/optimize/package.json
verbose into /Users/Hursh/node_projects/optimize [ 'node-oauth' ]
verbose cache add [ 'node-oauth', null ]
info addNamed [ 'node-oauth', '' ]
verbose addNamed [ null, '' ]
verbose GET node-oauth
verbose raw, before any munging node-oauth
verbose url resolving [ 'http://registry.npmjs.org/', './node-oauth' ]
verbose url resolved http://registry.npmjs.org/node-oauth
verbose url parsed { protocol: 'http:',
verbose url parsed   slashes: true,
verbose url parsed   host: 'registry.npmjs.org',
verbose url parsed   hostname: 'registry.npmjs.org',
verbose url parsed   href: 'http://registry.npmjs.org/node-oauth',
verbose url parsed   pathname: '/node-oauth' }
verbose response http://registry.npmjs.org/node-oauth
silly chunk {"error":"not_found","reason":"document not found"}
silly chunk 
silly get cb [ 404,
silly get cb   { server: 'CouchDB/1.1.0 (Erlang OTP/R14B03)',
silly get cb     date: 'Tue, 12 Jul 2011 23:23:43 GMT',
silly get cb     'content-type': 'application/json',
silly get cb     'content-length': '52',
silly get cb     'cache-control': 'must-revalidate' } ]
ERR! 404 'node-oauth' is not in the npm registry.
ERR! 404 You should bug the author to publish it.
ERR! 404 Note that you can also install from a tarball or folder.
ERR! 
ERR! System Darwin 10.7.0
ERR! command "node" "/usr/local/bin/npm" "install" "node-oauth"
verbose exit [ 1, true ]
